[debug] [2025-09-20T20:43:44.289Z] ----------------------------------------------------------------------
[debug] [2025-09-20T20:43:44.292Z] Command:       /nix/store/ws50yvm6vzlzf7jzz6n7xh4szddrack1-nodejs-20.19.1/bin/node /nix/store/wma3rvxxva78rqvnpja82nx5b3mclpxg-firebase-tools-14.15.2/lib/node_modules/firebase-tools/lib/bin/firebase.js dataconnect:sdk:generate
[debug] [2025-09-20T20:43:44.293Z] CLI Version:   14.15.2
[debug] [2025-09-20T20:43:44.293Z] Platform:      linux
[debug] [2025-09-20T20:43:44.294Z] Node Version:  v20.19.1
[debug] [2025-09-20T20:43:44.294Z] Time:          Sat Sep 20 2025 20:43:44 GMT+0000 (Coordinated Universal Time)
[debug] [2025-09-20T20:43:44.294Z] ----------------------------------------------------------------------
[debug] 
[debug] [2025-09-20T20:43:44.825Z] No OAuth tokens found
[debug] [2025-09-20T20:43:44.826Z] No OAuth tokens found
[error] Failed to fetch Firebase Project from current Studio Workspace: Unable to refresh auth: not yet authenticated.
[debug] [2025-09-20T20:43:44.881Z] TypeError: Cannot read properties of undefined (reading 'source')
    at load (/nix/store/wma3rvxxva78rqvnpja82nx5b3mclpxg-firebase-tools-14.15.2/lib/node_modules/firebase-tools/lib/dataconnect/load.js:47:69)
    at async Promise.all (index 0)
    at async loadAll (/nix/store/wma3rvxxva78rqvnpja82nx5b3mclpxg-firebase-tools-14.15.2/lib/node_modules/firebase-tools/lib/dataconnect/load.js:40:12)
    at async Command.actionFn (/nix/store/wma3rvxxva78rqvnpja82nx5b3mclpxg-firebase-tools-14.15.2/lib/node_modules/firebase-tools/lib/commands/dataconnect-sdk-generate.js:17:26)
[error] 
[error] Error: An unexpected error has occurred.
[debug] [2025-09-20T20:45:34.312Z] ----------------------------------------------------------------------
[debug] [2025-09-20T20:45:34.315Z] Command:       /nix/store/ws50yvm6vzlzf7jzz6n7xh4szddrack1-nodejs-20.19.1/bin/node /nix/store/wma3rvxxva78rqvnpja82nx5b3mclpxg-firebase-tools-14.15.2/lib/node_modules/firebase-tools/lib/bin/firebase.js dataconnect:sdk:generate
[debug] [2025-09-20T20:45:34.316Z] CLI Version:   14.15.2
[debug] [2025-09-20T20:45:34.316Z] Platform:      linux
[debug] [2025-09-20T20:45:34.316Z] Node Version:  v20.19.1
[debug] [2025-09-20T20:45:34.316Z] Time:          Sat Sep 20 2025 20:45:34 GMT+0000 (Coordinated Universal Time)
[debug] [2025-09-20T20:45:34.317Z] ----------------------------------------------------------------------
[debug] 
[debug] [2025-09-20T20:45:34.807Z] No OAuth tokens found
[debug] [2025-09-20T20:45:34.808Z] No OAuth tokens found
[error] Failed to fetch Firebase Project from current Studio Workspace: Unable to refresh auth: not yet authenticated.
[debug] [2025-09-20T20:45:34.872Z] TypeError: Cannot read properties of undefined (reading 'source')
    at load (/nix/store/wma3rvxxva78rqvnpja82nx5b3mclpxg-firebase-tools-14.15.2/lib/node_modules/firebase-tools/lib/dataconnect/load.js:47:69)
    at async Promise.all (index 0)
    at async loadAll (/nix/store/wma3rvxxva78rqvnpja82nx5b3mclpxg-firebase-tools-14.15.2/lib/node_modules/firebase-tools/lib/dataconnect/load.js:40:12)
    at async Command.actionFn (/nix/store/wma3rvxxva78rqvnpja82nx5b3mclpxg-firebase-tools-14.15.2/lib/node_modules/firebase-tools/lib/commands/dataconnect-sdk-generate.js:17:26)
[error] 
[error] Error: An unexpected error has occurred.
